app/build/outputs/logs/manifest-merger-debug-report.txt
-- Merging decision tree log ---
manifest
ADDED from src\main\AndroidManifest.xml:2:1-35:12
	xmlns:android
		ADDED from src\main\AndroidManifest.xml:2:11-69
	package
		ADDED from src\main\AndroidManifest.xml:3:7-43
		INJECTED from src\main\AndroidManifest.xml
		INJECTED from src\main\AndroidManifest.xml
	android:versionName
		ADDED from src\main\AndroidManifest.xml:5:7-32
		INJECTED from src\main\AndroidManifest.xml
		INJECTED from src\main\AndroidManifest.xml
	android:versionCode
		ADDED from src\main\AndroidManifest.xml:4:7-30
		INJECTED from src\main\AndroidManifest.xml
		INJECTED from src\main\AndroidManifest.xml
uses-permission#android.permission.INTERNET
ADDED from src\main\AndroidManifest.xml:7:3-65
	android:name
		ADDED from src\main\AndroidManifest.xml:7:20-62
uses-permission#android.permission.WRITE_EXTERNAL_STORAGE
ADDED from src\main\AndroidManifest.xml:8:3-78
	android:name
		ADDED from src\main\AndroidManifest.xml:8:20-76
application
ADDED from src\main\AndroidManifest.xml:10:3-34:17
	android:label
		ADDED from src\main\AndroidManifest.xml:10:46-78
	android:icon
		ADDED from src\main\AndroidManifest.xml:10:16-45
activity#com.dropbox.android.sample.DBRoulette
ADDED from src\main\AndroidManifest.xml:11:5-19:16
	android:label
		ADDED from src\main\AndroidManifest.xml:13:7-39
	android:configChanges
		ADDED from src\main\AndroidManifest.xml:14:7-51
	android:name
		ADDED from src\main\AndroidManifest.xml:12:7-33
intent-filter#android.intent.action.MAIN+android.intent.category.LAUNCHER
ADDED from src\main\AndroidManifest.xml:15:7-18:23
action#android.intent.action.MAIN
ADDED from src\main\AndroidManifest.xml:16:9-61
	android:name
		ADDED from src\main\AndroidManifest.xml:16:17-58
category#android.intent.category.LAUNCHER
ADDED from src\main\AndroidManifest.xml:17:9-69
	android:name
		ADDED from src\main\AndroidManifest.xml:17:19-66
activity#com.dropbox.client2.android.AuthActivity
ADDED from src\main\AndroidManifest.xml:21:5-32:16
	android:configChanges
		ADDED from src\main\AndroidManifest.xml:24:7-51
	android:name
		ADDED from src\main\AndroidManifest.xml:22:7-62
	android:launchMode
		ADDED from src\main\AndroidManifest.xml:23:7-38
intent-filter#android.intent.action.VIEW+android.intent.category.BROWSABLE+android.intent.category.DEFAULT
ADDED from src\main\AndroidManifest.xml:25:7-31:23
data
ADDED from src\main\AndroidManifest.xml:27:9-53
	android:scheme
		ADDED from src\main\AndroidManifest.xml:27:15-50
action#android.intent.action.VIEW
ADDED from src\main\AndroidManifest.xml:28:9-61
	android:name
		ADDED from src\main\AndroidManifest.xml:28:17-58
category#android.intent.category.BROWSABLE
ADDED from src\main\AndroidManifest.xml:29:9-69
	android:name
		ADDED from src\main\AndroidManifest.xml:29:19-67
category#android.intent.category.DEFAULT
ADDED from src\main\AndroidManifest.xml:30:9-68
	android:name
		ADDED from src\main\AndroidManifest.xml:30:19-65
uses-sdk
INJECTED from src\main\AndroidManifest.xml reason: use-sdk injection requested
	android:targetSdkVersion
		INJECTED from src\main\AndroidManifest.xml
		INJECTED from src\main\AndroidManifest.xml
	android:minSdkVersion
		INJECTED from src\main\AndroidManifest.xml
		INJECTED from src\main\AndroidManifest.xml